[debug] [2019-12-07T12:42:03.478Z] ----------------------------------------------------------------------
[debug] [2019-12-07T12:42:03.482Z] Command:       C:\Program Files\nodejs\node.exe C:\Users\micheledef\AppData\Roaming\npm\node_modules\firebase-tools\lib\bin\firebase.js serve -p 8081
[debug] [2019-12-07T12:42:03.482Z] CLI Version:   7.9.0
[debug] [2019-12-07T12:42:03.482Z] Platform:      win32
[debug] [2019-12-07T12:42:03.482Z] Node Version:  v10.16.3
[debug] [2019-12-07T12:42:03.486Z] Time:          Sat Dec 07 2019 13:42:03 GMT+0100 (GMT+01:00)
[debug] [2019-12-07T12:42:03.486Z] ----------------------------------------------------------------------
[debug] [2019-12-07T12:42:03.486Z] 
[debug] [2019-12-07T12:42:03.526Z] > command requires scopes: ["email","openid","https://www.googleapis.com/auth/cloudplatformprojects.readonly","https://www.googleapis.com/auth/firebase","https://www.googleapis.com/auth/cloud-platform"]
[debug] [2019-12-07T12:42:03.526Z] > authorizing via signed-in user
[debug] [2019-12-07T12:42:03.526Z] [iam] checking project fcm-push-58be6 for permissions ["firebase.projects.get"]
[debug] [2019-12-07T12:42:03.534Z] >>> HTTP REQUEST POST https://cloudresourcemanager.googleapis.com/v1/projects/fcm-push-58be6:testIamPermissions  

[debug] [2019-12-07T12:42:04.868Z] <<< HTTP RESPONSE 200
[debug] [2019-12-07T12:42:04.868Z] >>> HTTP REQUEST GET https://firebase.googleapis.com/v1beta1/projects/fcm-push-58be6  
 
[debug] [2019-12-07T12:42:06.312Z] <<< HTTP RESPONSE 200
[info] 
[info] === Serving from 'C:\Users\micheledef\Desktop\quickstart-js-master\quickstart-js-master\messaging'...
[info] 
[debug] [2019-12-07T12:42:06.320Z] >>> HTTP REQUEST GET https://firebase.googleapis.com/v1beta1/projects/fcm-push-58be6/webApps/-/config  
 
[debug] [2019-12-07T12:42:08.923Z] <<< HTTP RESPONSE 200
[info] i  hosting: Serving hosting files from: ./
[info] +  hosting: Local server: http://localhost:8081
